<?xml version="1.0" encoding="UTF-8"?>
<!-- Generated by org.testng.reporters.JUnitXMLReporter -->
<testsuite ignored="0" hostname="STIPL-SMBD0080" failures="0" tests="4" name="Test" time="2.233" errors="0" timestamp="2024-10-24T14:22:31 IST">
  <testcase classname="day8.Create_student" name="test_create_Student" time="1.958"/>
  <testcase classname="day8.Get_student" name="test_get_Student" time="0.106"/>
  <testcase classname="day8.Update_student" name="test_update_Student" time="0.073"/>
  <testcase classname="day8.Delete_student" name="test_delete_Student" time="0.042"/>
</testsuite> <!-- Test -->
