<?xml version="1.0" encoding="UTF-8"?>
<testng-results ignored="0" total="1" passed="1" failed="0" skipped="0">
  <reporter-output>
  </reporter-output>
  <suite started-at="2024-10-29T16:01:05 IST" name="Default suite" finished-at="2024-10-29T16:01:07 IST" duration-ms="2345">
    <groups>
    </groups>
    <test started-at="2024-10-29T16:01:05 IST" name="Default test" finished-at="2024-10-29T16:01:07 IST" duration-ms="2345">
      <class name="day3.PathAndQuerry_Parameters">
        <test-method signature="testpathAndQuerryParameters()[pri:0, instance:day3.PathAndQuerry_Parameters@66f57048]" started-at="2024-10-29T16:01:05 IST" name="testpathAndQuerryParameters" finished-at="2024-10-29T16:01:07 IST" duration-ms="2306" status="PASS">
          <reporter-output>
          </reporter-output>
        </test-method> <!-- testpathAndQuerryParameters -->
      </class> <!-- day3.PathAndQuerry_Parameters -->
    </test> <!-- Default test -->
  </suite> <!-- Default suite -->
</testng-results>
